All elements in the list have the required parameters.
All elements in the list have the required parameters.
File processati ['PAM63974_pass_58881fec_0', 'PAM63974_pass_58881fec_1', 'PAM63974_pass_58881fec_2', 'PAM63974_pass_58881fec_3']
All elements in the list have the required parameters.
File processati []
All elements in the list have the required parameters.
File processati []
All elements in the list have the required parameters.
File processati []
All elements in the list have the required parameters.
File processati []
All elements in the list have the required parameters.
File processati []
All elements in the list have the required parameters.
File processati []
All elements in the list have the required parameters.
File processati []
All elements in the list have the required parameters.
File processati []
All elements in the list have the required parameters.
File processati []
All elements in the list have the required parameters.
File processati []
All elements in the list have the required parameters.
File processati []
All elements in the list have the required parameters.
File processati []
All elements in the list have the required parameters.
File processati []
All elements in the list have the required parameters.
File processati []
All elements in the list have the required parameters.
File processati []
All elements in the list have the required parameters.
File processati []
All elements in the list have the required parameters.
File processati []
All elements in the list have the required parameters.
File processati []
All elements in the list have the required parameters.
File processati []
All elements in the list have the required parameters.
File processati []
All elements in the list have the required parameters.
File processati []
All elements in the list have the required parameters.
File processati []
All elements in the list have the required parameters.
File processati []
All elements in the list have the required parameters.
File processati []
All elements in the list have the required parameters.
File processati []
All elements in the list have the required parameters.
File processati []
All elements in the list have the required parameters.
File processati []
All elements in the list have the required parameters.
File processati []
All elements in the list have the required parameters.
File processati []
All elements in the list have the required parameters.
File processati []
All elements in the list have the required parameters.
File processati []
All elements in the list have the required parameters.
File processati []
All elements in the list have the required parameters.
File processati []
All elements in the list have the required parameters.
File processati []
All elements in the list have the required parameters.
File processati ['PAM63974_pass_58881fec_4', 'PAM63974_pass_58881fec_5', 'PAM63974_pass_58881fec_6', 'PAM63974_pass_58881fec_7', 'PAM63974_pass_58881fec_8', 'PAM63974_pass_58881fec_9', 'PAM63974_pass_58881fec_10']
kill: usage: kill [-s sigspec | -n signum | -sigspec] pid | jobspec ... or kill -l [sigspec]
